
Welcome to TOPAS, Tool for Particle Simulation (Version 3.8.p1)

TOPAS is distributed under a Single User License described at:
http://www.topasmc.org/registration
Every user must have their own, individual, valid license to run TOPAS.

Loading parameters starting from: matRad_plan_field2_run3.txt

Geant4 Data directory has been specified by the
TOPAS_G4_DATA_DIR environment variable as /home/sellerk/G4Data

**************************************************************
 Geant4 version Name: geant4-10-07-patch-03 [MT]   (19-November-2021)
  << in Multi-threaded mode >> 
                       Copyright : Geant4 Collaboration
                      References : NIM A 506 (2003), 250-303
                                 : IEEE-TNS 53 (2006), 270-278
                                 : NIM A 835 (2016), 186-225
                             WWW : http://geant4.org/
**************************************************************

TOPAS is in MT mode, setting number of threads to: 24

TOPAS set the tolerances based on the World size to:
      Surface tolerance = 0.02 nm, and radial tolerance = 0.02 nm.

TOPAS will read image file: ./matRad_cube.dat
Image data type is Short
    Iso Center [cm]:       ( 0.05, 0.05, 0.05 )
    # of Voxels:           ( 96, 96, 96 )
    Voxel Dimensions X and Y [cm]: ( 0.5, 0.5 ) 
    Number of Slice Thickness Sections: 1
      Slice thickness section 1 has number of voxels: 96 of thickness: 0.5 cm.
    Rotation [deg]:       ( 0, 0, 0 )
Checking overlaps for volume Patient (G4Box) ... OK! 

Creating material map from image: ./matRad_cube.dat
Finished defining materials from imaging. Total number of materials used was: 5

Checking for Unused Components.
These are Components that were never built even though they were at least
partially defined in some parameters. This is not necessarily an error.
It may be an intentional choice to have these Component definitions handy for later use.
To turn off this check, set Ge/CheckForUnusedComponents to False
  No unused components were found.

/home/sellerk/G4Data/G4NDL4.6
@@@ G4ParticleHPInelastic instantiated for particle neutron data directory variable is G4NEUTRONHPDATA pointing to /home/sellerk/G4Data/G4NDL4.6/Inelastic
@@@ G4ParticleHPInelasticData instantiated for particle neutron data directory variable is G4NEUTRONHPDATA pointing to /home/sellerk/G4Data/G4NDL4.6
NeutronHP: /Capture file for Z = 6, A = 12 is not found and NeutronHP will use /home/sellerk/G4Data/G4NDL4.6/Capture/CrossSection/6_nat_Carbon
NeutronHP: /Elastic file for Z = 6, A = 12 is not found and NeutronHP will use /home/sellerk/G4Data/G4NDL4.6/Elastic/CrossSection/6_nat_Carbon
NeutronHP: /Inelastic file for Z = 6, A = 12 is not found and NeutronHP will use /home/sellerk/G4Data/G4NDL4.6/Inelastic/CrossSection/6_nat_Carbon
Visualization verbosity changed to quiet (0)

### ===  Deexcitation model UAtomDeexcitation is activated for 1 region:
          DefaultRegionForTheWorld  1  1  0
### ===  Auger cascade flag: 1
### ===  Ignore cuts flag:   1

phot:  for gamma SubType=12 BuildTable=0
      LambdaPrime table from 200 keV to 500 MeV in 71 bins 
      ===== EM models for the G4Region  DefaultRegionForTheWorld ======
 LivermorePhElectric : Emin=    0 eV  Emax=  500 MeV  SauterGavrila Fluo

compt:  for gamma SubType=13 BuildTable=1
      Lambda table from 100 eV  to 1 MeV, 21 bins/decade, spline: 1
      LambdaPrime table from 1 MeV to 500 MeV in 56 bins 
      ===== EM models for the G4Region  DefaultRegionForTheWorld ======
   LowEPComptonModel : Emin=    0 eV  Emax=   20 MeV Fluo
        KleinNishina : Emin=   20 MeV Emax=  500 MeV Fluo

conv:  for gamma SubType=14 BuildTable=1
      Lambda table from 1.022 MeV to 500 MeV, 33 bins/decade, spline: 1
      ===== EM models for the G4Region  DefaultRegionForTheWorld ======
      BetheHeitler5D : Emin=    0 eV  Emax=  500 MeV  ModifiedTsai

Rayl:  for gamma SubType=11 BuildTable=1
      Lambda table from 100 eV  to 100 keV, 21 bins/decade, spline: 0
      LambdaPrime table from 100 keV to 500 MeV in 77 bins 
      ===== EM models for the G4Region  DefaultRegionForTheWorld ======
   LivermoreRayleigh : Emin=    0 eV  Emax=  500 MeV  CullenGenerator

msc:  for e-  SubType= 10
      ===== EM models for the G4Region  DefaultRegionForTheWorld ======
  GoudsmitSaunderson : Emin=    0 eV  Emax=  100 MeV Nbins=120 100 eV  - 100 MeV
              StepLim=SafetyPlus Rfact=0.08 Gfact=2.5 Sfact=0.6 DispFlag:1 Skin=3 Llimit=1
        WentzelVIUni : Emin=  100 MeV Emax=  500 MeV Nbins=20 100 MeV - 500 MeV
              StepLim=SafetyPlus Rfact=0.08 Gfact=2.5 Sfact=0.6 DispFlag:1 Skin=3 Llimit=1

eIoni:  for e-  SubType=2
      dE/dx and range tables from 100 eV  to 500 MeV in 140 bins
      Lambda tables from threshold to 500 MeV, 20 bins/decade, spline: 1
      StepFunction=(0.2, 0.01 mm), integ: 1, fluct: 1, linLossLim= 0.01
      ===== EM models for the G4Region  DefaultRegionForTheWorld ======
       LowEnergyIoni : Emin=    0 eV  Emax=  100 keV  deltaVI
        MollerBhabha : Emin=  100 keV Emax=  500 MeV  deltaVI

eBrem:  for e-  SubType=3
      dE/dx and range tables from 100 eV  to 500 MeV in 140 bins
      Lambda tables from threshold to 500 MeV, 20 bins/decade, spline: 1
      LPM flag: 1 for E > 0.5 GeV,  VertexHighEnergyTh(GeV)= 100000
      ===== EM models for the G4Region  DefaultRegionForTheWorld ======
             eBremSB : Emin=    0 eV  Emax=  500 MeV  AngularGen2BS

ePairProd:  for e-  SubType=4
      dE/dx and range tables from 100 eV  to 500 MeV in 140 bins
      Lambda tables from threshold to 500 MeV, 20 bins/decade, spline: 1
      Sampling table 4x1001; from 0.1 GeV to 0.0005 TeV 
      ===== EM models for the G4Region  DefaultRegionForTheWorld ======
           ePairProd : Emin=    0 eV  Emax=  500 MeV  ModifiedMephi

CoulombScat:  for e-, integral:1  SubType=1 BuildTable=1
      Lambda table from 100 MeV to 500 MeV, 21 bins/decade, spline: 1
      ThetaMin(p) < Theta(degree) < 180; pLimit(GeV^1)= 0.139531
      ===== EM models for the G4Region  DefaultRegionForTheWorld ======
  eCoulombScattering : Emin=  100 MeV Emax=  500 MeV

msc:  for e+  SubType= 10
      ===== EM models for the G4Region  DefaultRegionForTheWorld ======
  GoudsmitSaunderson : Emin=    0 eV  Emax=  100 MeV Nbins=120 100 eV  - 100 MeV
              StepLim=SafetyPlus Rfact=0.08 Gfact=2.5 Sfact=0.6 DispFlag:1 Skin=3 Llimit=1
        WentzelVIUni : Emin=  100 MeV Emax=  500 MeV Nbins=20 100 MeV - 500 MeV
              StepLim=SafetyPlus Rfact=0.08 Gfact=2.5 Sfact=0.6 DispFlag:1 Skin=3 Llimit=1

eIoni:  for e+  SubType=2
      dE/dx and range tables from 100 eV  to 500 MeV in 140 bins
      Lambda tables from threshold to 500 MeV, 20 bins/decade, spline: 1
      StepFunction=(0.2, 0.01 mm), integ: 1, fluct: 1, linLossLim= 0.01
      ===== EM models for the G4Region  DefaultRegionForTheWorld ======
             PenIoni : Emin=    0 eV  Emax=  100 keV
        MollerBhabha : Emin=  100 keV Emax=  500 MeV  deltaVI

eBrem:  for e+  SubType=3
      dE/dx and range tables from 100 eV  to 500 MeV in 140 bins
      Lambda tables from threshold to 500 MeV, 20 bins/decade, spline: 1
      LPM flag: 1 for E > 0.5 GeV,  VertexHighEnergyTh(GeV)= 100000
      ===== EM models for the G4Region  DefaultRegionForTheWorld ======
             eBremSB : Emin=    0 eV  Emax=  500 MeV  AngularGen2BS

ePairProd:  for e+  SubType=4
      dE/dx and range tables from 100 eV  to 500 MeV in 140 bins
      Lambda tables from threshold to 500 MeV, 20 bins/decade, spline: 1
      Sampling table 4x1001; from 0.1 GeV to 0.0005 TeV 
      ===== EM models for the G4Region  DefaultRegionForTheWorld ======
           ePairProd : Emin=    0 eV  Emax=  500 MeV  ModifiedMephi

annihil:  for e+, integral:1  SubType=5 BuildTable=0
      ===== EM models for the G4Region  DefaultRegionForTheWorld ======
            eplus2gg : Emin=    0 eV  Emax=  500 MeV

CoulombScat:  for e+, integral:1  SubType=1 BuildTable=1
      Lambda table from 100 MeV to 500 MeV, 21 bins/decade, spline: 1
      ThetaMin(p) < Theta(degree) < 180; pLimit(GeV^1)= 0.139531
      ===== EM models for the G4Region  DefaultRegionForTheWorld ======
  eCoulombScattering : Emin=  100 MeV Emax=  500 MeV

msc:  for proton  SubType= 10
      ===== EM models for the G4Region  DefaultRegionForTheWorld ======
        WentzelVIUni : Emin=    0 eV  Emax=  500 MeV Nbins=140 100 eV  - 500 MeV
              StepLim=Minimal Rfact=0.2 Gfact=2.5 Sfact=0.6 DispFlag:1 Skin=3 Llimit=1

hIoni:  for proton  SubType=2
      dE/dx and range tables from 100 eV  to 500 MeV in 140 bins
      Lambda tables from threshold to 500 MeV, 20 bins/decade, spline: 1
      StepFunction=(0.1, 0.05 mm), integ: 1, fluct: 1, linLossLim= 0.01
      ===== EM models for the G4Region  DefaultRegionForTheWorld ======
               Bragg : Emin=    0 eV  Emax=    2 MeV  deltaVI
          BetheBloch : Emin=    2 MeV Emax=  500 MeV  deltaVI

CoulombScat:  for proton, integral:1  SubType=1 BuildTable=1
      Lambda table from threshold  to 500 MeV, 21 bins/decade, spline: 1
      ThetaMin(p) < Theta(degree) < 180; pLimit(GeV^1)= 0.139531
      ===== EM models for the G4Region  DefaultRegionForTheWorld ======
  eCoulombScattering : Emin=    0 eV  Emax=  500 MeV

nuclearStopping:  for proton SubType=8 BuildTable=0
      ===== EM models for the G4Region  DefaultRegionForTheWorld ======
   ICRU49NucStopping : Emin=    0 eV  Emax=    1 MeV

msc:  for GenericIon  SubType= 10
      ===== EM models for the G4Region  DefaultRegionForTheWorld ======
            UrbanMsc : Emin=    0 eV  Emax=  500 MeV
              StepLim=Minimal Rfact=0.2 Gfact=2.5 Sfact=0.6 DispFlag:1 Skin=3 Llimit=1

ionIoni:  for GenericIon  SubType=2
      dE/dx and range tables from 100 eV  to 500 MeV in 140 bins
      Lambda tables from threshold to 500 MeV, 20 bins/decade, spline: 1
      StepFunction=(0.1, 0.02 mm), integ: 1, fluct: 1, linLossLim= 0.02
      ===== EM models for the G4Region  DefaultRegionForTheWorld ======
         ParamICRU73 : Emin=    0 eV  Emax=  500 MeV  deltaVI

nuclearStopping:  for GenericIon SubType=8 BuildTable=0
      ===== EM models for the G4Region  DefaultRegionForTheWorld ======
   ICRU49NucStopping : Emin=    0 eV  Emax=    1 MeV
======================================================================
======          Radioactive Decay Physics Parameters           =======
======================================================================
Max life time                                     1.4427e+06 ps
Internal e- conversion flag                       1
Stored internal conversion coefficients           1
Enable correlated gamma emission                  0
Max 2J for sampling of angular correlations       10
Atomic de-excitation enabled                      1
Auger electron emission enabled                   1
Auger cascade enabled                             1
Check EM cuts disabled for atomic de-excitation   1
Use Bearden atomic level energies                 0
======================================================================

msc:  for alpha  SubType= 10
      ===== EM models for the G4Region  DefaultRegionForTheWorld ======
            UrbanMsc : Emin=    0 eV  Emax=  500 MeV Nbins=140 100 eV  - 500 MeV
              StepLim=Minimal Rfact=0.2 Gfact=2.5 Sfact=0.6 DispFlag:1 Skin=3 Llimit=1

ionIoni:  for alpha  SubType=2
      dE/dx and range tables from 100 eV  to 500 MeV in 140 bins
      Lambda tables from threshold to 500 MeV, 20 bins/decade, spline: 1
      StepFunction=(0.1, 0.02 mm), integ: 1, fluct: 1, linLossLim= 0.02
      ===== EM models for the G4Region  DefaultRegionForTheWorld ======
            BraggIon : Emin=    0 eV  Emax=7.9452 MeV  deltaVI
          BetheBloch : Emin=7.9452 MeV Emax=  500 MeV  deltaVI

nuclearStopping:  for alpha SubType=8 BuildTable=0
      ===== EM models for the G4Region  DefaultRegionForTheWorld ======
   ICRU49NucStopping : Emin=    0 eV  Emax=    1 MeV

msc:  for anti_proton  SubType= 10
      ===== EM models for the G4Region  DefaultRegionForTheWorld ======
        WentzelVIUni : Emin=    0 eV  Emax=  500 MeV Nbins=140 100 eV  - 500 MeV
              StepLim=Minimal Rfact=0.2 Gfact=2.5 Sfact=0.6 DispFlag:1 Skin=3 Llimit=1

hIoni:  for anti_proton  SubType=2
      dE/dx and range tables from 100 eV  to 500 MeV in 140 bins
      Lambda tables from threshold to 500 MeV, 20 bins/decade, spline: 1
      StepFunction=(0.1, 0.05 mm), integ: 1, fluct: 1, linLossLim= 0.01
      ===== EM models for the G4Region  DefaultRegionForTheWorld ======
            ICRU73QO : Emin=    0 eV  Emax=    2 MeV  deltaVI
          BetheBloch : Emin=    2 MeV Emax=  500 MeV  deltaVI

CoulombScat:  for anti_proton, integral:1  SubType=1 BuildTable=1
      Lambda table from threshold  to 500 MeV, 21 bins/decade, spline: 1
      ThetaMin(p) < Theta(degree) < 180; pLimit(GeV^1)= 0.139531
      ===== EM models for the G4Region  DefaultRegionForTheWorld ======
  eCoulombScattering : Emin=    0 eV  Emax=  500 MeV

msc:  for kaon+  SubType= 10
      ===== EM models for the G4Region  DefaultRegionForTheWorld ======
        WentzelVIUni : Emin=    0 eV  Emax=  500 MeV Nbins=140 100 eV  - 500 MeV
              StepLim=Minimal Rfact=0.2 Gfact=2.5 Sfact=0.6 DispFlag:1 Skin=3 Llimit=1

hIoni:  for kaon+  SubType=2
      dE/dx and range tables from 100 eV  to 500 MeV in 140 bins
      Lambda tables from threshold to 500 MeV, 20 bins/decade, spline: 1
      StepFunction=(0.1, 0.05 mm), integ: 1, fluct: 1, linLossLim= 0.01
      ===== EM models for the G4Region  DefaultRegionForTheWorld ======
               Bragg : Emin=    0 eV  Emax=1.05231 MeV  deltaVI
          BetheBloch : Emin=1.05231 MeV Emax=  500 MeV  deltaVI

CoulombScat:  for kaon+, integral:1  SubType=1 BuildTable=1
      Lambda table from threshold  to 500 MeV, 21 bins/decade, spline: 1
      ThetaMin(p) < Theta(degree) < 180; pLimit(GeV^1)= 0.139531
      ===== EM models for the G4Region  DefaultRegionForTheWorld ======
  eCoulombScattering : Emin=    0 eV  Emax=  500 MeV

msc:  for kaon-  SubType= 10
      ===== EM models for the G4Region  DefaultRegionForTheWorld ======
        WentzelVIUni : Emin=    0 eV  Emax=  500 MeV Nbins=140 100 eV  - 500 MeV
              StepLim=Minimal Rfact=0.2 Gfact=2.5 Sfact=0.6 DispFlag:1 Skin=3 Llimit=1

hIoni:  for kaon-  SubType=2
      dE/dx and range tables from 100 eV  to 500 MeV in 140 bins
      Lambda tables from threshold to 500 MeV, 20 bins/decade, spline: 1
      StepFunction=(0.1, 0.05 mm), integ: 1, fluct: 1, linLossLim= 0.01
      ===== EM models for the G4Region  DefaultRegionForTheWorld ======
            ICRU73QO : Emin=    0 eV  Emax=1.05231 MeV  deltaVI
          BetheBloch : Emin=1.05231 MeV Emax=  500 MeV  deltaVI

CoulombScat:  for kaon-, integral:1  SubType=1 BuildTable=1
      Used Lambda table of kaon+
      ThetaMin(p) < Theta(degree) < 180; pLimit(GeV^1)= 0.139531
      ===== EM models for the G4Region  DefaultRegionForTheWorld ======
  eCoulombScattering : Emin=    0 eV  Emax=  500 MeV

msc:  for mu+  SubType= 10
      ===== EM models for the G4Region  DefaultRegionForTheWorld ======
        WentzelVIUni : Emin=    0 eV  Emax=  500 MeV Nbins=140 100 eV  - 500 MeV
              StepLim=Minimal Rfact=0.2 Gfact=2.5 Sfact=0.6 DispFlag:1 Skin=3 Llimit=1

muIoni:  for mu+  SubType=2
      dE/dx and range tables from 100 eV  to 500 MeV in 140 bins
      Lambda tables from threshold to 500 MeV, 20 bins/decade, spline: 1
      StepFunction=(0.1, 0.05 mm), integ: 1, fluct: 1, linLossLim= 0.01
      ===== EM models for the G4Region  DefaultRegionForTheWorld ======
               Bragg : Emin=    0 eV  Emax=  200 keV  deltaVI
          BetheBloch : Emin=  200 keV Emax=  500 MeV  deltaVI

CoulombScat:  for mu+, integral:1  SubType=1 BuildTable=1
      Lambda table from threshold  to 500 MeV, 21 bins/decade, spline: 1
      ThetaMin(p) < Theta(degree) < 180; pLimit(GeV^1)= 0.139531
      ===== EM models for the G4Region  DefaultRegionForTheWorld ======
  eCoulombScattering : Emin=    0 eV  Emax=  500 MeV

msc:  for mu-  SubType= 10
      ===== EM models for the G4Region  DefaultRegionForTheWorld ======
        WentzelVIUni : Emin=    0 eV  Emax=  500 MeV Nbins=140 100 eV  - 500 MeV
              StepLim=Minimal Rfact=0.2 Gfact=2.5 Sfact=0.6 DispFlag:1 Skin=3 Llimit=1

muIoni:  for mu-  SubType=2
      dE/dx and range tables from 100 eV  to 500 MeV in 140 bins
      Lambda tables from threshold to 500 MeV, 20 bins/decade, spline: 1
      StepFunction=(0.1, 0.05 mm), integ: 1, fluct: 1, linLossLim= 0.01
      ===== EM models for the G4Region  DefaultRegionForTheWorld ======
            ICRU73QO : Emin=    0 eV  Emax=  200 keV  deltaVI
          BetheBloch : Emin=  200 keV Emax=  500 MeV  deltaVI

CoulombScat:  for mu-, integral:1  SubType=1 BuildTable=1
      Used Lambda table of mu+
      ThetaMin(p) < Theta(degree) < 180; pLimit(GeV^1)= 0.139531
      ===== EM models for the G4Region  DefaultRegionForTheWorld ======
  eCoulombScattering : Emin=    0 eV  Emax=  500 MeV

=======================================================
======       ParticleHP Physics Parameters     ========
=======================================================
 UseOnlyPhotoEvaporation ? 0
 SkipMissingIsotopes ?     0
 NeglectDoppler ?          0
 DoNotAdjustFinalState ?   0
 ProduceFissionFragments ? 0
 UseWendtFissionModel ?    0
 UseNRESP71Model ?         0
=======================================================

@@@ G4ParticleHPInelastic instantiated for particle neutron data directory variable is G4NEUTRONHPDATA pointing to /home/sellerk/G4Data/G4NDL4.6/Inelastic
NeutronHP: /Capture file for Z = 6, A = 12 is not found and NeutronHP will use /home/sellerk/G4Data/G4NDL4.6/Capture/CrossSection/6_nat_Carbon
NeutronHP: /Elastic file for Z = 6, A = 12 is not found and NeutronHP will use /home/sellerk/G4Data/G4NDL4.6/Elastic/CrossSection/6_nat_Carbon
NeutronHP: /Inelastic file for Z = 6, A = 12 is not found and NeutronHP will use /home/sellerk/G4Data/G4NDL4.6/Inelastic/CrossSection/6_nat_Carbon
NeutronHP: /Capture file for Z = 6, A = 12 is not found and NeutronHP will use /home/sellerk/G4Data/G4NDL4.6/Capture/CrossSection/6_nat_Carbon
NeutronHP: /Elastic file for Z = 6, A = 12 is not found and NeutronHP will use /home/sellerk/G4Data/G4NDL4.6/Elastic/CrossSection/6_nat_Carbon

msc:  for pi+  SubType= 10
      ===== EM models for the G4Region  DefaultRegionForTheWorld ======
        WentzelVIUni : Emin=    0 eV  Emax=  500 MeV Nbins=140 100 eV  - 500 MeV
              StepLim=Minimal Rfact=0.2 Gfact=2.5 Sfact=0.6 DispFlag:1 Skin=3 Llimit=1

hIoni:  for pi+  SubType=2
      dE/dx and range tables from 100 eV  to 500 MeV in 140 bins
      Lambda tables from threshold to 500 MeV, 20 bins/decade, spline: 1
      StepFunction=(0.1, 0.05 mm), integ: 1, fluct: 1, linLossLim= 0.01
      ===== EM models for the G4Region  DefaultRegionForTheWorld ======
               Bragg : Emin=    0 eV  Emax=297.505 keV  deltaVI
          BetheBloch : Emin=297.505 keV Emax=  500 MeV  deltaVI

CoulombScat:  for pi+, integral:1  SubType=1 BuildTable=1
      Lambda table from threshold  to 500 MeV, 21 bins/decade, spline: 1
      ThetaMin(p) < Theta(degree) < 180; pLimit(GeV^1)= 0.139531
      ===== EM models for the G4Region  DefaultRegionForTheWorld ======
  eCoulombScattering : Emin=    0 eV  Emax=  500 MeV

msc:  for pi-  SubType= 10
      ===== EM models for the G4Region  DefaultRegionForTheWorld ======
        WentzelVIUni : Emin=    0 eV  Emax=  500 MeV Nbins=140 100 eV  - 500 MeV
              StepLim=Minimal Rfact=0.2 Gfact=2.5 Sfact=0.6 DispFlag:1 Skin=3 Llimit=1

hIoni:  for pi-  SubType=2
      dE/dx and range tables from 100 eV  to 500 MeV in 140 bins
      Lambda tables from threshold to 500 MeV, 20 bins/decade, spline: 1
      StepFunction=(0.1, 0.05 mm), integ: 1, fluct: 1, linLossLim= 0.01
      ===== EM models for the G4Region  DefaultRegionForTheWorld ======
            ICRU73QO : Emin=    0 eV  Emax=297.505 keV  deltaVI
          BetheBloch : Emin=297.505 keV Emax=  500 MeV  deltaVI

CoulombScat:  for pi-, integral:1  SubType=1 BuildTable=1
      Used Lambda table of pi+
      ThetaMin(p) < Theta(degree) < 180; pLimit(GeV^1)= 0.139531
      ===== EM models for the G4Region  DefaultRegionForTheWorld ======
  eCoulombScattering : Emin=    0 eV  Emax=  500 MeV

====================================================================
                  HADRONIC PROCESSES SUMMARY (verbose level 1)

---------------------------------------------------
                           Hadronic Processes for GenericIon

  Process: ionInelastic
        Model:  Binary Light Ion Cascade: 0 eV /n ---> 110 MeV/n
        Model:                  QMDModel: 100 MeV/n ---> 6 GeV/n
        Model:                      FTFP: 5.99 GeV/n ---> 100 TeV/n
     Cr_sctns:  Glauber-Gribov Nucl-nucl: 0 eV  ---> 25.6 PeV

  Process: RadioactiveDecayBase

---------------------------------------------------
                           Hadronic Processes for He3

  Process: hadElastic
        Model:              hElasticLHEP: 0 eV /n ---> 100 TeV/n
     Cr_sctns:  Glauber-Gribov Nucl-nucl: 0 eV  ---> 25.6 PeV

  Process: He3Inelastic
        Model:  Binary Light Ion Cascade: 0 eV /n ---> 110 MeV/n
        Model:                  QMDModel: 100 MeV/n ---> 6 GeV/n
        Model:                      FTFP: 5.99 GeV/n ---> 100 TeV/n
     Cr_sctns:  Glauber-Gribov Nucl-nucl: 0 eV  ---> 25.6 PeV

---------------------------------------------------
                           Hadronic Processes for alpha

  Process: hadElastic
        Model:              hElasticLHEP: 0 eV /n ---> 100 TeV/n
     Cr_sctns:  Glauber-Gribov Nucl-nucl: 0 eV  ---> 25.6 PeV

  Process: alphaInelastic
        Model:  Binary Light Ion Cascade: 0 eV /n ---> 110 MeV/n
        Model:                  QMDModel: 100 MeV/n ---> 6 GeV/n
        Model:                      FTFP: 5.99 GeV/n ---> 100 TeV/n
     Cr_sctns:  Glauber-Gribov Nucl-nucl: 0 eV  ---> 25.6 PeV

---------------------------------------------------
                           Hadronic Processes for anti_He3

  Process: anti_He3Inelastic
        Model:                      FTFP: 0 eV /n ---> 100 TeV/n
     Cr_sctns:              AntiAGlauber: 0 eV  ---> 25.6 PeV

  Process: hadElastic
        Model:              hElasticLHEP: 0 eV /n ---> 100.1 MeV/n
        Model:              AntiAElastic: 100 MeV/n ---> 100 TeV/n
     Cr_sctns:              AntiAGlauber: 0 eV  ---> 25.6 PeV

  Process: hFritiofCaptureAtRest

---------------------------------------------------
                           Hadronic Processes for anti_alpha

  Process: anti_alphaInelastic
        Model:                      FTFP: 0 eV /n ---> 100 TeV/n
     Cr_sctns:              AntiAGlauber: 0 eV  ---> 25.6 PeV

  Process: hadElastic
        Model:              hElasticLHEP: 0 eV /n ---> 100.1 MeV/n
        Model:              AntiAElastic: 100 MeV/n ---> 100 TeV/n
     Cr_sctns:              AntiAGlauber: 0 eV  ---> 25.6 PeV

  Process: hFritiofCaptureAtRest

---------------------------------------------------
                           Hadronic Processes for anti_deuteron

  Process: anti_deuteronInelastic
        Model:                      FTFP: 0 eV /n ---> 100 TeV/n
     Cr_sctns:              AntiAGlauber: 0 eV  ---> 25.6 PeV

  Process: hadElastic
        Model:              hElasticLHEP: 0 eV /n ---> 100.1 MeV/n
        Model:              AntiAElastic: 100 MeV/n ---> 100 TeV/n
     Cr_sctns:              AntiAGlauber: 0 eV  ---> 25.6 PeV

  Process: hFritiofCaptureAtRest

---------------------------------------------------
                           Hadronic Processes for anti_lambda

  Process: anti_lambdaInelastic
        Model:                      QGSP: 12 GeV ---> 100 TeV
        Model:                      FTFP: 0 eV  ---> 25 GeV
     Cr_sctns:            Glauber-Gribov: 0 eV  ---> 100 TeV

  Process: hadElastic
        Model:              hElasticLHEP: 0 eV  ---> 100 TeV
     Cr_sctns:            Glauber-Gribov: 0 eV  ---> 100 TeV

  Process: hFritiofCaptureAtRest

---------------------------------------------------
                           Hadronic Processes for anti_neutron

  Process: anti_neutronInelastic
        Model:                      FTFP: 0 eV  ---> 100 TeV
     Cr_sctns:              AntiAGlauber: 0 eV  ---> 25.6 PeV

  Process: hadElastic
        Model:              hElasticLHEP: 0 eV  ---> 100.1 MeV
        Model:              AntiAElastic: 100 MeV ---> 100 TeV
     Cr_sctns:              AntiAGlauber: 0 eV  ---> 25.6 PeV

  Process: hFritiofCaptureAtRest

---------------------------------------------------
                           Hadronic Processes for anti_proton

  Process: anti_protonInelastic
        Model:                      FTFP: 0 eV  ---> 100 TeV
     Cr_sctns:              AntiAGlauber: 0 eV  ---> 25.6 PeV

  Process: hadElastic
        Model:              hElasticLHEP: 0 eV  ---> 100.1 MeV
        Model:              AntiAElastic: 100 MeV ---> 100 TeV
     Cr_sctns:              AntiAGlauber: 0 eV  ---> 25.6 PeV

  Process: hFritiofCaptureAtRest

---------------------------------------------------
                           Hadronic Processes for anti_triton

  Process: anti_tritonInelastic
        Model:                      FTFP: 0 eV /n ---> 100 TeV/n
     Cr_sctns:              AntiAGlauber: 0 eV  ---> 25.6 PeV

  Process: hadElastic
        Model:              hElasticLHEP: 0 eV /n ---> 100.1 MeV/n
        Model:              AntiAElastic: 100 MeV/n ---> 100 TeV/n
     Cr_sctns:              AntiAGlauber: 0 eV  ---> 25.6 PeV

  Process: hFritiofCaptureAtRest

---------------------------------------------------
                           Hadronic Processes for deuteron

  Process: hadElastic
        Model:              hElasticLHEP: 0 eV /n ---> 100 TeV/n
     Cr_sctns:  Glauber-Gribov Nucl-nucl: 0 eV  ---> 25.6 PeV

  Process: dInelastic
        Model:  Binary Light Ion Cascade: 0 eV /n ---> 110 MeV/n
        Model:                  QMDModel: 100 MeV/n ---> 6 GeV/n
        Model:                      FTFP: 5.99 GeV/n ---> 100 TeV/n
     Cr_sctns:  Glauber-Gribov Nucl-nucl: 0 eV  ---> 25.6 PeV

---------------------------------------------------
                           Hadronic Processes for kaon+

  Process: kaon+Inelastic
        Model:                      QGSP: 12 GeV ---> 100 TeV
        Model:                      FTFP: 3 GeV ---> 25 GeV
        Model:            BertiniCascade: 0 eV  ---> 6 GeV
     Cr_sctns:            Glauber-Gribov: 0 eV  ---> 100 TeV

  Process: hadElastic
        Model:              hElasticLHEP: 0 eV  ---> 100 TeV
     Cr_sctns:            Glauber-Gribov: 0 eV  ---> 100 TeV

---------------------------------------------------
                           Hadronic Processes for kaon-

  Process: kaon-Inelastic
        Model:                      QGSP: 12 GeV ---> 100 TeV
        Model:                      FTFP: 3 GeV ---> 25 GeV
        Model:            BertiniCascade: 0 eV  ---> 6 GeV
     Cr_sctns:            Glauber-Gribov: 0 eV  ---> 100 TeV

  Process: hadElastic
        Model:              hElasticLHEP: 0 eV  ---> 100 TeV
     Cr_sctns:            Glauber-Gribov: 0 eV  ---> 100 TeV

  Process: hBertiniCaptureAtRest

---------------------------------------------------
                           Hadronic Processes for lambda

  Process: lambdaInelastic
        Model:                      QGSP: 12 GeV ---> 100 TeV
        Model:                      FTFP: 3 GeV ---> 25 GeV
        Model:            BertiniCascade: 0 eV  ---> 6 GeV
     Cr_sctns:            Glauber-Gribov: 0 eV  ---> 100 TeV

  Process: hadElastic
        Model:              hElasticLHEP: 0 eV  ---> 100 TeV
     Cr_sctns:            Glauber-Gribov: 0 eV  ---> 100 TeV

---------------------------------------------------
                           Hadronic Processes for mu-

  Process: muMinusCaptureAtRest

---------------------------------------------------
                           Hadronic Processes for neutron

  Process: neutronInelastic
        Model:                      QGSP: 12 GeV ---> 100 TeV
        Model:                      FTFP: 3 GeV ---> 25 GeV
        Model:            Binary Cascade: 19.9 MeV ---> 6 GeV
        Model:        NeutronHPInelastic: 0 eV  ---> 20 MeV
     Cr_sctns:      NeutronHPInelasticXS: 0 eV  ---> 20 MeV
     Cr_sctns:      G4NeutronInelasticXS: 0 eV  ---> 100 TeV

  Process: nCapture
        Model:          NeutronHPCapture: 0 eV  ---> 20 MeV
        Model:               nRadCapture: 19.9 MeV ---> 100 TeV
     Cr_sctns:        NeutronHPCaptureXS: 0 eV  ---> 20 MeV
     Cr_sctns:        G4NeutronCaptureXS: 0 eV  ---> 100 TeV

  Process: nFission
        Model:          NeutronHPFission: 0 eV  ---> 20 MeV
        Model:                G4LFission: 19.9 MeV ---> 100 TeV
     Cr_sctns:        NeutronHPFissionXS: 0 eV  ---> 20 MeV
     Cr_sctns:          GheishaFissionXS: 0 eV  ---> 100 TeV

  Process: hadElastic
        Model:             hElasticCHIPS: 19.5 MeV ---> 100 TeV
        Model:          NeutronHPElastic: 0 eV  ---> 20 MeV
     Cr_sctns:        NeutronHPElasticXS: 0 eV  ---> 20 MeV
     Cr_sctns:        G4NeutronElasticXS: 0 eV  ---> 100 TeV

---------------------------------------------------
                           Hadronic Processes for pi+

  Process: pi+Inelastic
        Model:                      QGSP: 12 GeV ---> 100 TeV
        Model:                      FTFP: 3 GeV ---> 25 GeV
        Model:            BertiniCascade: 0 eV  ---> 6 GeV
     Cr_sctns:  BarashenkovGlauberGribov: 0 eV  ---> 100 TeV

  Process: hadElastic
        Model:           hElasticGlauber: 0 eV  ---> 100 TeV
     Cr_sctns:  BarashenkovGlauberGribov: 0 eV  ---> 100 TeV

---------------------------------------------------
                           Hadronic Processes for pi-

  Process: pi-Inelastic
        Model:                      QGSP: 12 GeV ---> 100 TeV
        Model:                      FTFP: 3 GeV ---> 25 GeV
        Model:            BertiniCascade: 0 eV  ---> 6 GeV
     Cr_sctns:  BarashenkovGlauberGribov: 0 eV  ---> 100 TeV

  Process: hadElastic
        Model:           hElasticGlauber: 0 eV  ---> 100 TeV
     Cr_sctns:  BarashenkovGlauberGribov: 0 eV  ---> 100 TeV

  Process: hBertiniCaptureAtRest

---------------------------------------------------
                           Hadronic Processes for proton

  Process: protonInelastic
        Model:                      QGSP: 12 GeV ---> 100 TeV
        Model:                      FTFP: 3 GeV ---> 25 GeV
        Model:            Binary Cascade: 0 eV  ---> 6 GeV
     Cr_sctns:  BarashenkovGlauberGribov: 0 eV  ---> 100 TeV

  Process: hadElastic
        Model:             hElasticCHIPS: 0 eV  ---> 100 TeV
     Cr_sctns:  BarashenkovGlauberGribov: 0 eV  ---> 100 TeV

---------------------------------------------------
                           Hadronic Processes for sigma-

  Process: sigma-Inelastic
        Model:                      QGSP: 12 GeV ---> 100 TeV
        Model:                      FTFP: 3 GeV ---> 25 GeV
        Model:            BertiniCascade: 0 eV  ---> 6 GeV
     Cr_sctns:            Glauber-Gribov: 0 eV  ---> 100 TeV

  Process: hadElastic
        Model:              hElasticLHEP: 0 eV  ---> 100 TeV
     Cr_sctns:            Glauber-Gribov: 0 eV  ---> 100 TeV

  Process: hBertiniCaptureAtRest

---------------------------------------------------
                           Hadronic Processes for triton

  Process: hadElastic
        Model:              hElasticLHEP: 0 eV /n ---> 100 TeV/n
     Cr_sctns:  Glauber-Gribov Nucl-nucl: 0 eV  ---> 25.6 PeV

  Process: tInelastic
        Model:  Binary Light Ion Cascade: 0 eV /n ---> 110 MeV/n
        Model:                  QMDModel: 100 MeV/n ---> 6 GeV/n
        Model:                      FTFP: 5.99 GeV/n ---> 100 TeV/n
     Cr_sctns:  Glauber-Gribov Nucl-nucl: 0 eV  ---> 25.6 PeV

================================================================
=======================================================================
======       Pre-compound/De-excitation Physics Parameters     ========
=======================================================================
Type of pre-compound inverse x-section              3
Pre-compound model active                           1
Pre-compound excitation low energy (MeV)            0.1
Pre-compound excitation high energy (MeV)           30
Type of de-excitation inverse x-section             3
Type of de-excitation factory                       Evaporation+GEM
Number of de-excitation channels                    68
Min excitation energy (keV)                         0.01
Min energy per nucleon for multifragmentation (MeV) 2e+05
Limit excitation energy for Fermi BreakUp (MeV)     20
Level density (1/MeV)                               0.075
Use simple level density model                      1
Use discrete excitation energy of the residual      0
Time limit for long lived isomeres (ns)             1442.7
Isomer production flag                              1
Internal e- conversion flag                         1
Store e- internal conversion data                   1
Electron internal conversion ID                     0
Correlated gamma emission flag                      0
Max 2J for sampling of angular correlations         10
=======================================================================

=======================================================================
--> G4MTRunManager::CreateAndStartWorkers() --> Initializing workers...
=======================================================================

G4WT7 > Begin processing for Run: 0, History: 0
G4WT17 > Begin processing for Run: 1, History: 0
G4WT5 > Begin processing for Run: 2, History: 0
G4WT4 > Begin processing for Run: 3, History: 0
G4WT3 > Begin processing for Run: 4, History: 0
G4WT15 > Begin processing for Run: 5, History: 0
G4WT15 > Begin processing for Run: 6, History: 0
G4WT9 > Begin processing for Run: 7, History: 0
G4WT22 > Begin processing for Run: 8, History: 0
G4WT20 > Begin processing for Run: 9, History: 0
G4WT21 > Begin processing for Run: 10, History: 0
G4WT21 > Begin processing for Run: 11, History: 0
G4WT22 > Begin processing for Run: 12, History: 0
G4WT14 > Begin processing for Run: 13, History: 0
G4WT11 > Begin processing for Run: 14, History: 0
G4WT23 > Begin processing for Run: 15, History: 0
G4WT12 > Begin processing for Run: 16, History: 0
G4WT20 > Begin processing for Run: 17, History: 0
G4WT23 > Begin processing for Run: 18, History: 0
G4WT23 > Begin processing for Run: 19, History: 0
G4WT14 > Begin processing for Run: 20, History: 0
G4WT7 > Begin processing for Run: 21, History: 0
G4WT16 > Begin processing for Run: 22, History: 0
G4WT5 > Begin processing for Run: 23, History: 0
G4WT0 > Begin processing for Run: 24, History: 0
G4WT9 > Begin processing for Run: 25, History: 0
G4WT23 > Begin processing for Run: 26, History: 0
G4WT16 > Begin processing for Run: 27, History: 0
G4WT22 > Begin processing for Run: 28, History: 0
G4WT15 > Begin processing for Run: 29, History: 0
G4WT20 > Begin processing for Run: 30, History: 0
G4WT5 > Begin processing for Run: 31, History: 0
G4WT13 > Begin processing for Run: 32, History: 0
G4WT13 > Begin processing for Run: 33, History: 0
G4WT2 > Begin processing for Run: 34, History: 0
G4WT1 > Begin processing for Run: 35, History: 0
G4WT2 > Begin processing for Run: 36, History: 0
G4WT7 > Begin processing for Run: 37, History: 0
G4WT17 > Begin processing for Run: 38, History: 0
G4WT2 > Begin processing for Run: 39, History: 0
G4WT22 > Begin processing for Run: 40, History: 0
G4WT5 > Begin processing for Run: 41, History: 0
G4WT5 > Begin processing for Run: 42, History: 0
G4WT3 > Begin processing for Run: 43, History: 0
G4WT18 > Begin processing for Run: 44, History: 0
G4WT22 > Begin processing for Run: 45, History: 0
G4WT17 > Begin processing for Run: 46, History: 0
G4WT20 > Begin processing for Run: 47, History: 0
G4WT11 > Begin processing for Run: 48, History: 0
G4WT2 > Begin processing for Run: 49, History: 0
G4WT7 > Begin processing for Run: 50, History: 0
G4WT13 > Begin processing for Run: 51, History: 0
G4WT22 > Begin processing for Run: 52, History: 0
G4WT8 > Begin processing for Run: 53, History: 0
G4WT13 > Begin processing for Run: 54, History: 0
G4WT16 > Begin processing for Run: 55, History: 0
G4WT18 > Begin processing for Run: 56, History: 0
G4WT23 > Begin processing for Run: 57, History: 0
G4WT19 > Begin processing for Run: 58, History: 0
G4WT3 > Begin processing for Run: 59, History: 0
G4WT0 > Begin processing for Run: 60, History: 0
G4WT6 > Begin processing for Run: 61, History: 0
G4WT20 > Begin processing for Run: 62, History: 0
G4WT9 > Begin processing for Run: 63, History: 0
G4WT14 > Begin processing for Run: 64, History: 0
G4WT22 > Begin processing for Run: 65, History: 0
G4WT19 > Begin processing for Run: 66, History: 0
G4WT23 > Begin processing for Run: 67, History: 0
G4WT14 > Begin processing for Run: 68, History: 0
G4WT14 > Begin processing for Run: 69, History: 0
G4WT3 > Begin processing for Run: 70, History: 0
G4WT4 > Begin processing for Run: 71, History: 0
G4WT1 > Begin processing for Run: 72, History: 0
G4WT8 > Begin processing for Run: 73, History: 0
G4WT20 > Begin processing for Run: 74, History: 0
G4WT7 > Begin processing for Run: 75, History: 0
G4WT9 > Begin processing for Run: 76, History: 0
G4WT23 > Begin processing for Run: 77, History: 0
G4WT13 > Begin processing for Run: 78, History: 0
G4WT12 > Begin processing for Run: 79, History: 0
G4WT0 > Begin processing for Run: 80, History: 0
G4WT17 > Begin processing for Run: 81, History: 0
G4WT7 > Begin processing for Run: 82, History: 0
G4WT16 > Begin processing for Run: 83, History: 0
G4WT11 > Begin processing for Run: 84, History: 0
G4WT14 > Begin processing for Run: 85, History: 0
G4WT10 > Begin processing for Run: 86, History: 0
G4WT20 > Begin processing for Run: 87, History: 0
G4WT14 > Begin processing for Run: 88, History: 0
G4WT15 > Begin processing for Run: 89, History: 0
G4WT10 > Begin processing for Run: 90, History: 0
G4WT0 > Begin processing for Run: 91, History: 0
G4WT7 > Begin processing for Run: 92, History: 0
G4WT6 > Begin processing for Run: 93, History: 0
G4WT20 > Begin processing for Run: 94, History: 0
G4WT19 > Begin processing for Run: 95, History: 0
G4WT1 > Begin processing for Run: 96, History: 0
G4WT17 > Begin processing for Run: 97, History: 0
G4WT12 > Begin processing for Run: 98, History: 0
G4WT9 > Begin processing for Run: 99, History: 0
G4WT14 > Begin processing for Run: 100, History: 0
G4WT0 > Begin processing for Run: 101, History: 0
G4WT19 > Begin processing for Run: 102, History: 0
G4WT3 > Begin processing for Run: 103, History: 0
G4WT1 > Begin processing for Run: 104, History: 0
G4WT18 > Begin processing for Run: 105, History: 0
G4WT17 > Begin processing for Run: 106, History: 0
G4WT1 > Begin processing for Run: 107, History: 0
G4WT13 > Begin processing for Run: 108, History: 0
G4WT23 > Begin processing for Run: 109, History: 0
G4WT14 > Begin processing for Run: 110, History: 0
G4WT23 > Begin processing for Run: 111, History: 0
G4WT12 > Begin processing for Run: 112, History: 0
G4WT13 > Begin processing for Run: 113, History: 0
G4WT14 > Begin processing for Run: 114, History: 0
G4WT5 > Begin processing for Run: 115, History: 0
G4WT17 > Begin processing for Run: 116, History: 0
G4WT19 > Begin processing for Run: 117, History: 0
G4WT7 > Begin processing for Run: 118, History: 0
G4WT10 > Begin processing for Run: 119, History: 0
G4WT15 > Begin processing for Run: 120, History: 0
G4WT11 > Begin processing for Run: 121, History: 0
G4WT6 > Begin processing for Run: 122, History: 0
G4WT6 > Begin processing for Run: 123, History: 0
G4WT16 > Begin processing for Run: 124, History: 0
G4WT20 > Begin processing for Run: 125, History: 0
G4WT17 > Begin processing for Run: 126, History: 0
G4WT20 > Begin processing for Run: 127, History: 0
G4WT19 > Begin processing for Run: 128, History: 0
G4WT1 > Begin processing for Run: 129, History: 0
G4WT5 > Begin processing for Run: 130, History: 0
G4WT4 > Begin processing for Run: 131, History: 0
G4WT0 > Begin processing for Run: 132, History: 0
G4WT9 > Begin processing for Run: 133, History: 0
G4WT7 > Begin processing for Run: 134, History: 0
G4WT7 > Begin processing for Run: 135, History: 0
G4WT23 > Begin processing for Run: 136, History: 0
G4WT21 > Begin processing for Run: 137, History: 0
G4WT5 > Begin processing for Run: 138, History: 0
G4WT0 > Begin processing for Run: 139, History: 0
G4WT0 > Begin processing for Run: 140, History: 0
G4WT1 > Begin processing for Run: 141, History: 0
G4WT11 > Begin processing for Run: 142, History: 0
G4WT10 > Begin processing for Run: 143, History: 0
G4WT2 > Begin processing for Run: 144, History: 0
G4WT6 > Begin processing for Run: 145, History: 0
G4WT10 > Begin processing for Run: 146, History: 0
G4WT18 > Begin processing for Run: 147, History: 0
G4WT22 > Begin processing for Run: 148, History: 0
G4WT10 > Begin processing for Run: 149, History: 0
G4WT8 > Begin processing for Run: 150, History: 0
G4WT0 > Begin processing for Run: 151, History: 0
G4WT5 > Begin processing for Run: 152, History: 0
G4WT6 > Begin processing for Run: 153, History: 0
G4WT17 > Begin processing for Run: 154, History: 0
G4WT16 > Begin processing for Run: 155, History: 0
G4WT22 > Begin processing for Run: 156, History: 0
G4WT17 > Begin processing for Run: 157, History: 0
G4WT11 > Begin processing for Run: 158, History: 0
G4WT9 > Begin processing for Run: 159, History: 0
G4WT16 > Begin processing for Run: 160, History: 0
G4WT15 > Begin processing for Run: 161, History: 0
G4WT3 > Begin processing for Run: 162, History: 0
G4WT0 > Begin processing for Run: 163, History: 0
G4WT6 > Begin processing for Run: 164, History: 0
G4WT16 > Begin processing for Run: 165, History: 0
G4WT2 > Begin processing for Run: 166, History: 0
G4WT14 > Begin processing for Run: 167, History: 0
G4WT18 > Begin processing for Run: 168, History: 0
G4WT10 > Begin processing for Run: 169, History: 0
G4WT9 > Begin processing for Run: 170, History: 0
G4WT18 > Begin processing for Run: 171, History: 0
G4WT15 > Begin processing for Run: 172, History: 0
G4WT21 > Begin processing for Run: 173, History: 0
G4WT23 > Begin processing for Run: 174, History: 0
G4WT21 > Begin processing for Run: 175, History: 0
G4WT6 > Begin processing for Run: 176, History: 0
G4WT12 > Begin processing for Run: 177, History: 0
G4WT16 > Begin processing for Run: 178, History: 0
G4WT4 > Begin processing for Run: 179, History: 0
G4WT20 > Begin processing for Run: 180, History: 0
G4WT15 > Begin processing for Run: 181, History: 0
G4WT19 > Begin processing for Run: 182, History: 0
G4WT17 > Begin processing for Run: 183, History: 0
G4WT9 > Begin processing for Run: 184, History: 0
G4WT12 > Begin processing for Run: 185, History: 0
G4WT18 > Begin processing for Run: 186, History: 0
G4WT0 > Begin processing for Run: 187, History: 0
G4WT4 > Begin processing for Run: 188, History: 0
G4WT20 > Begin processing for Run: 189, History: 0
G4WT20 > Begin processing for Run: 190, History: 0
G4WT16 > Begin processing for Run: 191, History: 0
G4WT14 > Begin processing for Run: 192, History: 0
G4WT9 > Begin processing for Run: 193, History: 0
G4WT6 > Begin processing for Run: 194, History: 0
G4WT16 > Begin processing for Run: 195, History: 0
G4WT15 > Begin processing for Run: 196, History: 0
G4WT8 > Begin processing for Run: 197, History: 0
G4WT6 > Begin processing for Run: 198, History: 0
G4WT0 > Begin processing for Run: 199, History: 0
G4WT23 > Begin processing for Run: 200, History: 0
G4WT12 > Begin processing for Run: 201, History: 0
G4WT1 > Begin processing for Run: 202, History: 0
G4WT3 > Begin processing for Run: 203, History: 0
G4WT4 > Begin processing for Run: 204, History: 0
G4WT12 > Begin processing for Run: 205, History: 0
G4WT10 > Begin processing for Run: 206, History: 0
G4WT15 > Begin processing for Run: 207, History: 0
G4WT20 > Begin processing for Run: 208, History: 0
G4WT1 > Begin processing for Run: 209, History: 0
G4WT15 > Begin processing for Run: 210, History: 0
G4WT12 > Begin processing for Run: 211, History: 0
G4WT17 > Begin processing for Run: 212, History: 0
G4WT5 > Begin processing for Run: 213, History: 0
G4WT19 > Begin processing for Run: 214, History: 0
G4WT4 > Begin processing for Run: 215, History: 0
G4WT8 > Begin processing for Run: 216, History: 0
G4WT18 > Begin processing for Run: 217, History: 0
G4WT21 > Begin processing for Run: 218, History: 0
G4WT11 > Begin processing for Run: 219, History: 0
G4WT12 > Begin processing for Run: 220, History: 0
G4WT0 > Begin processing for Run: 221, History: 0
G4WT19 > Begin processing for Run: 222, History: 0
G4WT5 > Begin processing for Run: 223, History: 0
G4WT10 > Begin processing for Run: 224, History: 0
G4WT15 > Begin processing for Run: 225, History: 0
G4WT7 > Begin processing for Run: 226, History: 0
G4WT21 > Begin processing for Run: 227, History: 0
G4WT13 > Begin processing for Run: 228, History: 0
G4WT6 > Begin processing for Run: 229, History: 0
G4WT2 > Begin processing for Run: 230, History: 0
G4WT3 > Begin processing for Run: 231, History: 0
G4WT11 > Begin processing for Run: 232, History: 0
G4WT20 > Begin processing for Run: 233, History: 0
G4WT22 > Begin processing for Run: 234, History: 0
G4WT6 > Begin processing for Run: 235, History: 0
G4WT7 > Begin processing for Run: 236, History: 0
G4WT18 > Begin processing for Run: 237, History: 0
G4WT12 > Begin processing for Run: 238, History: 0
G4WT16 > Begin processing for Run: 239, History: 0
G4WT18 > Begin processing for Run: 240, History: 0
G4WT3 > Begin processing for Run: 241, History: 0
G4WT17 > Begin processing for Run: 242, History: 0
G4WT13 > Begin processing for Run: 243, History: 0
G4WT11 > Begin processing for Run: 244, History: 0
G4WT12 > Begin processing for Run: 245, History: 0
G4WT9 > Begin processing for Run: 246, History: 0
G4WT6 > Begin processing for Run: 247, History: 0
G4WT21 > Begin processing for Run: 248, History: 0
G4WT13 > Begin processing for Run: 249, History: 0
G4WT8 > Begin processing for Run: 250, History: 0
G4WT0 > Begin processing for Run: 251, History: 0
G4WT13 > Begin processing for Run: 252, History: 0
G4WT1 > Begin processing for Run: 253, History: 0
G4WT18 > Begin processing for Run: 254, History: 0
G4WT20 > Begin processing for Run: 255, History: 0
G4WT15 > Begin processing for Run: 256, History: 0
G4WT17 > Begin processing for Run: 257, History: 0
G4WT4 > Begin processing for Run: 258, History: 0
G4WT0 > Begin processing for Run: 259, History: 0
G4WT4 > Begin processing for Run: 260, History: 0
G4WT8 > Begin processing for Run: 261, History: 0
G4WT12 > Begin processing for Run: 262, History: 0
G4WT8 > Begin processing for Run: 263, History: 0
G4WT0 > Begin processing for Run: 264, History: 0
G4WT8 > Begin processing for Run: 265, History: 0
G4WT7 > Begin processing for Run: 266, History: 0
G4WT11 > Begin processing for Run: 267, History: 0
G4WT9 > Begin processing for Run: 268, History: 0
G4WT19 > Begin processing for Run: 269, History: 0
G4WT20 > Begin processing for Run: 270, History: 0
G4WT4 > Begin processing for Run: 271, History: 0
G4WT10 > Begin processing for Run: 272, History: 0
G4WT17 > Begin processing for Run: 273, History: 0
G4WT11 > Begin processing for Run: 274, History: 0
G4WT22 > Begin processing for Run: 275, History: 0
G4WT5 > Begin processing for Run: 276, History: 0
G4WT7 > Begin processing for Run: 277, History: 0
G4WT6 > Begin processing for Run: 278, History: 0
G4WT4 > Begin processing for Run: 279, History: 0
G4WT1 > Begin processing for Run: 280, History: 0
G4WT17 > Begin processing for Run: 281, History: 0
G4WT22 > Begin processing for Run: 282, History: 0
G4WT17 > Begin processing for Run: 283, History: 0
G4WT6 > Begin processing for Run: 284, History: 0
G4WT10 > Begin processing for Run: 285, History: 0
G4WT13 > Begin processing for Run: 286, History: 0
G4WT11 > Begin processing for Run: 287, History: 0
G4WT4 > Begin processing for Run: 288, History: 0
G4WT22 > Begin processing for Run: 289, History: 0
G4WT18 > Begin processing for Run: 290, History: 0
G4WT7 > Begin processing for Run: 291, History: 0
G4WT0 > Begin processing for Run: 292, History: 0
G4WT1 > Begin processing for Run: 293, History: 0
G4WT17 > Begin processing for Run: 294, History: 0
G4WT1 > Begin processing for Run: 295, History: 0
G4WT2 > Begin processing for Run: 296, History: 0
G4WT1 > Begin processing for Run: 297, History: 0
G4WT15 > Begin processing for Run: 298, History: 0
G4WT14 > Begin processing for Run: 299, History: 0
G4WT20 > Begin processing for Run: 300, History: 0
G4WT17 > Begin processing for Run: 301, History: 0
G4WT9 > Begin processing for Run: 302, History: 0
G4WT22 > Begin processing for Run: 303, History: 0
G4WT9 > Begin processing for Run: 304, History: 0
G4WT3 > Begin processing for Run: 305, History: 0

TOPAS run sequence complete.
Particle source Demo: Total number of histories: 0
Particle source PencilBeam: Total number of histories: 113025

Scorer: Patient/Tally_DoseToMedium
Results have been written to file: score_matRad_plan_field2_run3_physicalDose.bin with header file: score_matRad_plan_field2_run3_physicalDose.binheader
Warning: Some steps were not scored due to scorer being called with an invalid step.
See console log for messages starting with: Topas experienced a potentially serious error in scoring.
We believe this error is due to an unsolved bug in Geant4 parallel world handling.
Total number of steps not scored for this reason: 21
Total amount of energy not scored for this reason: 8.51156e-10 MeV

Elapsed times:
Parameter Reading : User=0.000000s Real=0.010467s Sys=0.000000s [Cpu=0.0%]
    Initialization: User=0.100000s Real=0.106146s Sys=0.000000s [Cpu=94.2%]
         Execution: User=341.360000s Real=23.998252s Sys=1.510000s [Cpu=1428.7%]
      Finalization: User=0.010000s Real=0.050489s Sys=0.000000s [Cpu=19.8%]
             Total: User=341.47s Real=24.1654s Sys=1.51s
